{"C:/projects/test10/ng-module-template/src/polyfills.ts": {"path":"C:/projects/test10/ng-module-template/src/polyfills.ts","statementMap":{"0":{"start":{"line":1,"column":0},"end":{"line":1,"column":27}},"1":{"start":{"line":8,"column":0},"end":{"line":8,"column":28}},"2":{"start":{"line":9,"column":0},"end":{"line":9,"column":28}},"3":{"start":{"line":10,"column":0},"end":{"line":10,"column":30}},"4":{"start":{"line":11,"column":0},"end":{"line":11,"column":31}},"5":{"start":{"line":12,"column":0},"end":{"line":12,"column":33}},"6":{"start":{"line":13,"column":0},"end":{"line":13,"column":28}},"7":{"start":{"line":14,"column":0},"end":{"line":14,"column":26}},"8":{"start":{"line":15,"column":0},"end":{"line":15,"column":28}},"9":{"start":{"line":16,"column":0},"end":{"line":16,"column":26}},"10":{"start":{"line":17,"column":0},"end":{"line":17,"column":27}},"11":{"start":{"line":18,"column":0},"end":{"line":18,"column":28}},"12":{"start":{"line":19,"column":0},"end":{"line":19,"column":25}},"13":{"start":{"line":20,"column":0},"end":{"line":20,"column":30}},"14":{"start":{"line":21,"column":0},"end":{"line":21,"column":25}},"15":{"start":{"line":27,"column":0},"end":{"line":27,"column":29}},"16":{"start":{"line":28,"column":0},"end":{"line":28,"column":29}}},"fnMap":{},"branchMap":{},"s":{"0":1,"1":1,"2":1,"3":1,"4":1,"5":1,"6":1,"7":1,"8":1,"9":1,"10":1,"11":1,"12":1,"13":1,"14":1,"15":1,"16":1},"f":{},"b":{}}
,"C:/projects/test10/ng-module-template/src/test.ts": {"path":"C:/projects/test10/ng-module-template/src/test.ts","statementMap":{"0":{"start":{"line":3,"column":0},"end":{"line":3,"column":35}},"1":{"start":{"line":4,"column":0},"end":{"line":4,"column":50}},"2":{"start":{"line":5,"column":0},"end":{"line":8,"column":50}},"3":{"start":{"line":13,"column":0},"end":{"line":16,"column":2}},"4":{"start":{"line":18,"column":16},"end":{"line":18,"column":58}},"5":{"start":{"line":20,"column":0},"end":{"line":20,"column":28}}},"fnMap":{},"branchMap":{},"s":{"0":1,"1":1,"2":1,"3":1,"4":1,"5":1},"f":{},"b":{}}
,"C:/projects/test10/ng-module-template/src/app/app.component.ts": {"path":"C:/projects/test10/ng-module-template/src/app/app.component.ts","statementMap":{"0":{"start":{"line":1,"column":0},"end":{"line":1,"column":41}},"1":{"start":{"line":8,"column":0},"end":{"line":13,"column":0}},"2":{"start":{"line":11,"column":4},"end":{"line":11,"column":32}},"3":{"start":{"line":8,"column":13},"end":{"line":13,"column":1}},"4":{"start":{"line":13,"column":0},"end":{"line":13,"column":1}},"5":{"start":{"line":8,"column":13},"end":{"line":8,"column":25}}},"fnMap":{"0":{"name":"(anonymous_2)","decl":{"start":{"line":8,"column":0},"end":{"line":null,"column":-1}},"loc":{"start":{"line":8,"column":0},"end":{"line":8,"column":-1}}},"1":{"name":"AppComponent","decl":{"start":{"line":10,"column":2},"end":{"line":null,"column":-1}},"loc":{"start":{"line":10,"column":2},"end":{"line":12,"column":3}}}},"branchMap":{},"s":{"0":1,"1":1,"2":3,"3":1,"4":1,"5":1},"f":{"0":1,"1":3},"b":{}}
}
