TN:
SF:C:/projects/test10/ng-module-template/src/polyfills.ts
FNF:0
FNH:0
DA:1,1
DA:8,1
DA:9,1
DA:10,1
DA:11,1
DA:12,1
DA:13,1
DA:14,1
DA:15,1
DA:16,1
DA:17,1
DA:18,1
DA:19,1
DA:20,1
DA:21,1
DA:27,1
DA:28,1
LF:17
LH:17
BRF:0
BRH:0
end_of_record
TN:
SF:C:/projects/test10/ng-module-template/src/test.ts
FNF:0
FNH:0
DA:3,1
DA:4,1
DA:5,1
DA:13,1
DA:18,1
DA:20,1
LF:6
LH:6
BRF:0
BRH:0
end_of_record
TN:
SF:C:/projects/test10/ng-module-template/src/app/app.component.ts
FN:8,(anonymous_2)
FN:10,AppComponent
FNF:2
FNH:2
FNDA:1,(anonymous_2)
FNDA:3,AppComponent
DA:1,1
DA:8,1
DA:11,3
DA:13,1
LF:4
LH:4
BRF:0
BRH:0
end_of_record
