{"C:/projects/ng-module-template/src/app/app.component.ts": {"path":"C:/projects/ng-module-template/src/app/app.component.ts","statementMap":{"0":{"start":{"line":1,"column":0},"end":{"line":1,"column":41}},"1":{"start":{"line":8,"column":0},"end":{"line":13,"column":0}},"2":{"start":{"line":11,"column":4},"end":{"line":11,"column":32}},"3":{"start":{"line":8,"column":13},"end":{"line":13,"column":1}},"4":{"start":{"line":13,"column":0},"end":{"line":13,"column":1}},"5":{"start":{"line":8,"column":13},"end":{"line":8,"column":25}}},"fnMap":{"0":{"name":"(anonymous_2)","decl":{"start":{"line":8,"column":0},"end":{"line":null,"column":-1}},"loc":{"start":{"line":8,"column":0},"end":{"line":8,"column":-1}}},"1":{"name":"AppComponent","decl":{"start":{"line":10,"column":2},"end":{"line":null,"column":-1}},"loc":{"start":{"line":10,"column":2},"end":{"line":12,"column":3}}}},"branchMap":{},"s":{"0":1,"1":1,"2":3,"3":1,"4":1,"5":1},"f":{"0":1,"1":3},"b":{}}
,"C:/projects/ng-module-template/src/feature/widget.component.ts": {"path":"C:/projects/ng-module-template/src/feature/widget.component.ts","statementMap":{"0":{"start":{"line":1,"column":0},"end":{"line":1,"column":49}},"1":{"start":{"line":8,"column":0},"end":{"line":12,"column":0}},"2":{"start":{"line":11,"column":4},"end":{"line":11,"column":18}},"3":{"start":{"line":8,"column":13},"end":{"line":12,"column":1}},"4":{"start":{"line":12,"column":0},"end":{"line":12,"column":1}},"5":{"start":{"line":8,"column":13},"end":{"line":8,"column":28}}},"fnMap":{"0":{"name":"(anonymous_2)","decl":{"start":{"line":8,"column":0},"end":{"line":null,"column":-1}},"loc":{"start":{"line":8,"column":0},"end":{"line":8,"column":-1}}},"1":{"name":"WidgetComponent","decl":{"start":{"line":9,"column":4},"end":{"line":null,"column":-1}},"loc":{"start":{"line":9,"column":4},"end":{"line":9,"column":21}}},"2":{"name":"(anonymous_4)","decl":{"start":{"line":11,"column":4},"end":{"line":11,"column":16}},"loc":{"start":{"line":11,"column":4},"end":{"line":11,"column":18}}}},"branchMap":{},"s":{"0":1,"1":1,"2":1,"3":1,"4":1,"5":1},"f":{"0":1,"1":3,"2":1},"b":{}}
}
