<?xml version="1.0" ?>
<!DOCTYPE coverage SYSTEM "http://cobertura.sourceforge.net/xml/coverage-04.dtd">
<coverage lines-valid="8"  lines-covered="8"  line-rate="1"  branches-valid="0"  branches-covered="0"  branch-rate="1"  timestamp="1513829834127" complexity="0" version="0.1">
<sources>
	<source>C:\projects\ng-module-template</source>
</sources>
<packages>
	<package name="app"  line-rate="1"  branch-rate="1" >
	<classes>
		<class name="app.component.ts"  filename="src\app\app.component.ts"  line-rate="1"  branch-rate="1" >
		<methods>
			<method name="(anonymous_2)"  hits="1"  signature="()V" >
				<lines><line number="8"  hits="1" /></lines>
			</method>
			<method name="AppComponent"  hits="3"  signature="()V" >
				<lines><line number="10"  hits="3" /></lines>
			</method>
		</methods>
		<lines>
			<line number="1"  hits="1"  branch="false" />
			<line number="8"  hits="1"  branch="false" />
			<line number="11"  hits="3"  branch="false" />
			<line number="13"  hits="1"  branch="false" />
		</lines>
		</class>
	</classes>
	</package>
	<package name="feature"  line-rate="1"  branch-rate="1" >
	<classes>
		<class name="widget.component.ts"  filename="src\feature\widget.component.ts"  line-rate="1"  branch-rate="1" >
		<methods>
			<method name="(anonymous_2)"  hits="1"  signature="()V" >
				<lines><line number="8"  hits="1" /></lines>
			</method>
			<method name="WidgetComponent"  hits="3"  signature="()V" >
				<lines><line number="9"  hits="3" /></lines>
			</method>
			<method name="(anonymous_4)"  hits="1"  signature="()V" >
				<lines><line number="11"  hits="1" /></lines>
			</method>
		</methods>
		<lines>
			<line number="1"  hits="1"  branch="false" />
			<line number="8"  hits="1"  branch="false" />
			<line number="11"  hits="1"  branch="false" />
			<line number="12"  hits="1"  branch="false" />
		</lines>
		</class>
	</classes>
	</package>
</packages>
</coverage>
