{
"C:\\projects\\ng-module-template\\src\\app\\app.component.ts":{"path":"C:\\projects\\ng-module-template\\src\\app\\app.component.ts","statementMap":{"1":{"start":{"line":1,"column":0},"end":{"line":1,"column":41}},"2":{"start":{"line":8,"column":0},"end":{"line":13,"column":0}},"3":{"start":{"line":11,"column":4},"end":{"line":11,"column":32}},"4":{"start":{"line":8,"column":13},"end":{"line":13,"column":1}},"5":{"start":{"line":13,"column":0},"end":{"line":13,"column":1}},"6":{"start":{"line":8,"column":13},"end":{"line":8,"column":25}}},"fnMap":{"1":{"name":"(anonymous_2)","line":8,"loc":{"start":{"line":8,"column":0},"end":{"line":8,"column":-1}}},"2":{"name":"AppComponent","line":10,"loc":{"start":{"line":10,"column":2},"end":{"line":12,"column":3}}}},"branchMap":{},"s":{"1":1,"2":1,"3":3,"4":1,"5":1,"6":1},"b":{},"f":{"1":1,"2":3},"code":"import { Component } from '@angular/core';\r\n\r\n@Component({\r\n  selector: 'sa-app-root',\r\n  templateUrl: './app.component.html',\r\n  styleUrls: ['./app.component.css']\r\n})\r\nexport class AppComponent {\r\n  title: string;\r\n  constructor() {\r\n    this.title = 'Hello World!';\r\n  }\r\n}\r\n","l":{"1":1,"8":1,"11":3,"13":1}},
"C:\\projects\\ng-module-template\\src\\feature\\widget.component.ts":{"path":"C:\\projects\\ng-module-template\\src\\feature\\widget.component.ts","statementMap":{"1":{"start":{"line":1,"column":0},"end":{"line":1,"column":49}},"2":{"start":{"line":8,"column":0},"end":{"line":12,"column":0}},"3":{"start":{"line":11,"column":4},"end":{"line":11,"column":18}},"4":{"start":{"line":8,"column":13},"end":{"line":12,"column":1}},"5":{"start":{"line":12,"column":0},"end":{"line":12,"column":1}},"6":{"start":{"line":8,"column":13},"end":{"line":8,"column":28}}},"fnMap":{"1":{"name":"(anonymous_2)","line":8,"loc":{"start":{"line":8,"column":0},"end":{"line":8,"column":-1}}},"2":{"name":"WidgetComponent","line":9,"loc":{"start":{"line":9,"column":4},"end":{"line":9,"column":21}}},"3":{"name":"(anonymous_4)","line":11,"loc":{"start":{"line":11,"column":4},"end":{"line":11,"column":18}}}},"branchMap":{},"s":{"1":1,"2":1,"3":1,"4":1,"5":1,"6":1},"b":{},"f":{"1":1,"2":3,"3":1},"code":"import { Component, OnInit } from '@angular/core';\r\n\r\n@Component({\r\n    selector: 'sa-widget',\r\n    templateUrl: 'widget.component.html'\r\n})\r\n\r\nexport class WidgetComponent implements OnInit {\r\n    constructor() { }\r\n\r\n    ngOnInit() { }\r\n}\r\n","l":{"1":1,"8":1,"11":1,"12":1}}}
